CRITICAL - 2022-01-09 00:01:59 --> Undefined variable $builder
#0 /opt/lampp/htdocs/prueba-infodec-25/app/Controllers/Calificaciones.php(27): CodeIgniter\Debug\Exceptions->errorHandler(2, 'Undefined varia...', '/opt/lampp/htdo...', 27)
#1 /opt/lampp/htdocs/prueba-infodec-25/system/CodeIgniter.php(825): App\Controllers\Calificaciones->index()
#2 /opt/lampp/htdocs/prueba-infodec-25/system/CodeIgniter.php(412): CodeIgniter\CodeIgniter->runController(Object(App\Controllers\Calificaciones))
#3 /opt/lampp/htdocs/prueba-infodec-25/system/CodeIgniter.php(320): CodeIgniter\CodeIgniter->handleRequest(NULL, Object(Config\Cache), false)
#4 /opt/lampp/htdocs/prueba-infodec-25/public/index.php(37): CodeIgniter\CodeIgniter->run()
#5 {main}
ERROR - 2022-01-09 00:04:35 --> You have an error in your SQL syntax; check the manual that corresponds to your MariaDB server version for the right syntax to use near 'CALL obtenerCalificaciones
FROM `calificacion`' at line 1
CRITICAL - 2022-01-09 00:04:35 --> Call to a member function getResult() on bool
#0 /opt/lampp/htdocs/prueba-infodec-25/system/View/View.php(210): include()
#1 /opt/lampp/htdocs/prueba-infodec-25/system/View/View.php(213): CodeIgniter\View\View->CodeIgniter\View\{closure}()
#2 /opt/lampp/htdocs/prueba-infodec-25/system/Common.php(1089): CodeIgniter\View\View->render('calificaciones/...', Array, true)
#3 /opt/lampp/htdocs/prueba-infodec-25/app/Controllers/Calificaciones.php(35): view('calificaciones/...', Array)
#4 /opt/lampp/htdocs/prueba-infodec-25/system/CodeIgniter.php(825): App\Controllers\Calificaciones->index()
#5 /opt/lampp/htdocs/prueba-infodec-25/system/CodeIgniter.php(412): CodeIgniter\CodeIgniter->runController(Object(App\Controllers\Calificaciones))
#6 /opt/lampp/htdocs/prueba-infodec-25/system/CodeIgniter.php(320): CodeIgniter\CodeIgniter->handleRequest(NULL, Object(Config\Cache), false)
#7 /opt/lampp/htdocs/prueba-infodec-25/public/index.php(37): CodeIgniter\CodeIgniter->run()
#8 {main}
ERROR - 2022-01-09 00:05:54 --> You have an error in your SQL syntax; check the manual that corresponds to your MariaDB server version for the right syntax to use near 'SELECT * FROM calificacion
FROM `calificacion`' at line 1
CRITICAL - 2022-01-09 00:05:54 --> Call to a member function getResult() on bool
#0 /opt/lampp/htdocs/prueba-infodec-25/system/View/View.php(210): include()
#1 /opt/lampp/htdocs/prueba-infodec-25/system/View/View.php(213): CodeIgniter\View\View->CodeIgniter\View\{closure}()
#2 /opt/lampp/htdocs/prueba-infodec-25/system/Common.php(1089): CodeIgniter\View\View->render('calificaciones/...', Array, true)
#3 /opt/lampp/htdocs/prueba-infodec-25/app/Controllers/Calificaciones.php(35): view('calificaciones/...', Array)
#4 /opt/lampp/htdocs/prueba-infodec-25/system/CodeIgniter.php(825): App\Controllers\Calificaciones->index()
#5 /opt/lampp/htdocs/prueba-infodec-25/system/CodeIgniter.php(412): CodeIgniter\CodeIgniter->runController(Object(App\Controllers\Calificaciones))
#6 /opt/lampp/htdocs/prueba-infodec-25/system/CodeIgniter.php(320): CodeIgniter\CodeIgniter->handleRequest(NULL, Object(Config\Cache), false)
#7 /opt/lampp/htdocs/prueba-infodec-25/public/index.php(37): CodeIgniter\CodeIgniter->run()
#8 {main}
ERROR - 2022-01-09 00:05:54 --> You have an error in your SQL syntax; check the manual that corresponds to your MariaDB server version for the right syntax to use near 'SELECT * FROM calificacion
FROM `calificacion`' at line 1
CRITICAL - 2022-01-09 00:05:54 --> Call to a member function getResult() on bool
#0 /opt/lampp/htdocs/prueba-infodec-25/system/View/View.php(210): include()
#1 /opt/lampp/htdocs/prueba-infodec-25/system/View/View.php(213): CodeIgniter\View\View->CodeIgniter\View\{closure}()
#2 /opt/lampp/htdocs/prueba-infodec-25/system/Common.php(1089): CodeIgniter\View\View->render('calificaciones/...', Array, true)
#3 /opt/lampp/htdocs/prueba-infodec-25/app/Controllers/Calificaciones.php(35): view('calificaciones/...', Array)
#4 /opt/lampp/htdocs/prueba-infodec-25/system/CodeIgniter.php(825): App\Controllers\Calificaciones->index()
#5 /opt/lampp/htdocs/prueba-infodec-25/system/CodeIgniter.php(412): CodeIgniter\CodeIgniter->runController(Object(App\Controllers\Calificaciones))
#6 /opt/lampp/htdocs/prueba-infodec-25/system/CodeIgniter.php(320): CodeIgniter\CodeIgniter->handleRequest(NULL, Object(Config\Cache), false)
#7 /opt/lampp/htdocs/prueba-infodec-25/public/index.php(37): CodeIgniter\CodeIgniter->run()
#8 {main}
ERROR - 2022-01-09 00:05:55 --> You have an error in your SQL syntax; check the manual that corresponds to your MariaDB server version for the right syntax to use near 'SELECT * FROM calificacion
FROM `calificacion`' at line 1
CRITICAL - 2022-01-09 00:05:55 --> Call to a member function getResult() on bool
#0 /opt/lampp/htdocs/prueba-infodec-25/system/View/View.php(210): include()
#1 /opt/lampp/htdocs/prueba-infodec-25/system/View/View.php(213): CodeIgniter\View\View->CodeIgniter\View\{closure}()
#2 /opt/lampp/htdocs/prueba-infodec-25/system/Common.php(1089): CodeIgniter\View\View->render('calificaciones/...', Array, true)
#3 /opt/lampp/htdocs/prueba-infodec-25/app/Controllers/Calificaciones.php(35): view('calificaciones/...', Array)
#4 /opt/lampp/htdocs/prueba-infodec-25/system/CodeIgniter.php(825): App\Controllers\Calificaciones->index()
#5 /opt/lampp/htdocs/prueba-infodec-25/system/CodeIgniter.php(412): CodeIgniter\CodeIgniter->runController(Object(App\Controllers\Calificaciones))
#6 /opt/lampp/htdocs/prueba-infodec-25/system/CodeIgniter.php(320): CodeIgniter\CodeIgniter->handleRequest(NULL, Object(Config\Cache), false)
#7 /opt/lampp/htdocs/prueba-infodec-25/public/index.php(37): CodeIgniter\CodeIgniter->run()
#8 {main}
ERROR - 2022-01-09 00:05:55 --> You have an error in your SQL syntax; check the manual that corresponds to your MariaDB server version for the right syntax to use near 'SELECT * FROM calificacion
FROM `calificacion`' at line 1
CRITICAL - 2022-01-09 00:05:55 --> Call to a member function getResult() on bool
#0 /opt/lampp/htdocs/prueba-infodec-25/system/View/View.php(210): include()
#1 /opt/lampp/htdocs/prueba-infodec-25/system/View/View.php(213): CodeIgniter\View\View->CodeIgniter\View\{closure}()
#2 /opt/lampp/htdocs/prueba-infodec-25/system/Common.php(1089): CodeIgniter\View\View->render('calificaciones/...', Array, true)
#3 /opt/lampp/htdocs/prueba-infodec-25/app/Controllers/Calificaciones.php(35): view('calificaciones/...', Array)
#4 /opt/lampp/htdocs/prueba-infodec-25/system/CodeIgniter.php(825): App\Controllers\Calificaciones->index()
#5 /opt/lampp/htdocs/prueba-infodec-25/system/CodeIgniter.php(412): CodeIgniter\CodeIgniter->runController(Object(App\Controllers\Calificaciones))
#6 /opt/lampp/htdocs/prueba-infodec-25/system/CodeIgniter.php(320): CodeIgniter\CodeIgniter->handleRequest(NULL, Object(Config\Cache), false)
#7 /opt/lampp/htdocs/prueba-infodec-25/public/index.php(37): CodeIgniter\CodeIgniter->run()
#8 {main}
ERROR - 2022-01-09 00:05:55 --> You have an error in your SQL syntax; check the manual that corresponds to your MariaDB server version for the right syntax to use near 'SELECT * FROM calificacion
FROM `calificacion`' at line 1
CRITICAL - 2022-01-09 00:05:55 --> Call to a member function getResult() on bool
#0 /opt/lampp/htdocs/prueba-infodec-25/system/View/View.php(210): include()
#1 /opt/lampp/htdocs/prueba-infodec-25/system/View/View.php(213): CodeIgniter\View\View->CodeIgniter\View\{closure}()
#2 /opt/lampp/htdocs/prueba-infodec-25/system/Common.php(1089): CodeIgniter\View\View->render('calificaciones/...', Array, true)
#3 /opt/lampp/htdocs/prueba-infodec-25/app/Controllers/Calificaciones.php(35): view('calificaciones/...', Array)
#4 /opt/lampp/htdocs/prueba-infodec-25/system/CodeIgniter.php(825): App\Controllers\Calificaciones->index()
#5 /opt/lampp/htdocs/prueba-infodec-25/system/CodeIgniter.php(412): CodeIgniter\CodeIgniter->runController(Object(App\Controllers\Calificaciones))
#6 /opt/lampp/htdocs/prueba-infodec-25/system/CodeIgniter.php(320): CodeIgniter\CodeIgniter->handleRequest(NULL, Object(Config\Cache), false)
#7 /opt/lampp/htdocs/prueba-infodec-25/public/index.php(37): CodeIgniter\CodeIgniter->run()
#8 {main}
ERROR - 2022-01-09 00:05:55 --> You have an error in your SQL syntax; check the manual that corresponds to your MariaDB server version for the right syntax to use near 'SELECT * FROM calificacion
FROM `calificacion`' at line 1
CRITICAL - 2022-01-09 00:05:55 --> Call to a member function getResult() on bool
#0 /opt/lampp/htdocs/prueba-infodec-25/system/View/View.php(210): include()
#1 /opt/lampp/htdocs/prueba-infodec-25/system/View/View.php(213): CodeIgniter\View\View->CodeIgniter\View\{closure}()
#2 /opt/lampp/htdocs/prueba-infodec-25/system/Common.php(1089): CodeIgniter\View\View->render('calificaciones/...', Array, true)
#3 /opt/lampp/htdocs/prueba-infodec-25/app/Controllers/Calificaciones.php(35): view('calificaciones/...', Array)
#4 /opt/lampp/htdocs/prueba-infodec-25/system/CodeIgniter.php(825): App\Controllers\Calificaciones->index()
#5 /opt/lampp/htdocs/prueba-infodec-25/system/CodeIgniter.php(412): CodeIgniter\CodeIgniter->runController(Object(App\Controllers\Calificaciones))
#6 /opt/lampp/htdocs/prueba-infodec-25/system/CodeIgniter.php(320): CodeIgniter\CodeIgniter->handleRequest(NULL, Object(Config\Cache), false)
#7 /opt/lampp/htdocs/prueba-infodec-25/public/index.php(37): CodeIgniter\CodeIgniter->run()
#8 {main}
ERROR - 2022-01-09 00:05:56 --> You have an error in your SQL syntax; check the manual that corresponds to your MariaDB server version for the right syntax to use near 'SELECT * FROM calificacion
FROM `calificacion`' at line 1
CRITICAL - 2022-01-09 00:05:56 --> Call to a member function getResult() on bool
#0 /opt/lampp/htdocs/prueba-infodec-25/system/View/View.php(210): include()
#1 /opt/lampp/htdocs/prueba-infodec-25/system/View/View.php(213): CodeIgniter\View\View->CodeIgniter\View\{closure}()
#2 /opt/lampp/htdocs/prueba-infodec-25/system/Common.php(1089): CodeIgniter\View\View->render('calificaciones/...', Array, true)
#3 /opt/lampp/htdocs/prueba-infodec-25/app/Controllers/Calificaciones.php(35): view('calificaciones/...', Array)
#4 /opt/lampp/htdocs/prueba-infodec-25/system/CodeIgniter.php(825): App\Controllers\Calificaciones->index()
#5 /opt/lampp/htdocs/prueba-infodec-25/system/CodeIgniter.php(412): CodeIgniter\CodeIgniter->runController(Object(App\Controllers\Calificaciones))
#6 /opt/lampp/htdocs/prueba-infodec-25/system/CodeIgniter.php(320): CodeIgniter\CodeIgniter->handleRequest(NULL, Object(Config\Cache), false)
#7 /opt/lampp/htdocs/prueba-infodec-25/public/index.php(37): CodeIgniter\CodeIgniter->run()
#8 {main}
ERROR - 2022-01-09 00:05:56 --> You have an error in your SQL syntax; check the manual that corresponds to your MariaDB server version for the right syntax to use near 'SELECT * FROM calificacion
FROM `calificacion`' at line 1
CRITICAL - 2022-01-09 00:05:56 --> Call to a member function getResult() on bool
#0 /opt/lampp/htdocs/prueba-infodec-25/system/View/View.php(210): include()
#1 /opt/lampp/htdocs/prueba-infodec-25/system/View/View.php(213): CodeIgniter\View\View->CodeIgniter\View\{closure}()
#2 /opt/lampp/htdocs/prueba-infodec-25/system/Common.php(1089): CodeIgniter\View\View->render('calificaciones/...', Array, true)
#3 /opt/lampp/htdocs/prueba-infodec-25/app/Controllers/Calificaciones.php(35): view('calificaciones/...', Array)
#4 /opt/lampp/htdocs/prueba-infodec-25/system/CodeIgniter.php(825): App\Controllers\Calificaciones->index()
#5 /opt/lampp/htdocs/prueba-infodec-25/system/CodeIgniter.php(412): CodeIgniter\CodeIgniter->runController(Object(App\Controllers\Calificaciones))
#6 /opt/lampp/htdocs/prueba-infodec-25/system/CodeIgniter.php(320): CodeIgniter\CodeIgniter->handleRequest(NULL, Object(Config\Cache), false)
#7 /opt/lampp/htdocs/prueba-infodec-25/public/index.php(37): CodeIgniter\CodeIgniter->run()
#8 {main}
ERROR - 2022-01-09 00:05:56 --> You have an error in your SQL syntax; check the manual that corresponds to your MariaDB server version for the right syntax to use near 'SELECT * FROM calificacion
FROM `calificacion`' at line 1
CRITICAL - 2022-01-09 00:05:56 --> Call to a member function getResult() on bool
#0 /opt/lampp/htdocs/prueba-infodec-25/system/View/View.php(210): include()
#1 /opt/lampp/htdocs/prueba-infodec-25/system/View/View.php(213): CodeIgniter\View\View->CodeIgniter\View\{closure}()
#2 /opt/lampp/htdocs/prueba-infodec-25/system/Common.php(1089): CodeIgniter\View\View->render('calificaciones/...', Array, true)
#3 /opt/lampp/htdocs/prueba-infodec-25/app/Controllers/Calificaciones.php(35): view('calificaciones/...', Array)
#4 /opt/lampp/htdocs/prueba-infodec-25/system/CodeIgniter.php(825): App\Controllers\Calificaciones->index()
#5 /opt/lampp/htdocs/prueba-infodec-25/system/CodeIgniter.php(412): CodeIgniter\CodeIgniter->runController(Object(App\Controllers\Calificaciones))
#6 /opt/lampp/htdocs/prueba-infodec-25/system/CodeIgniter.php(320): CodeIgniter\CodeIgniter->handleRequest(NULL, Object(Config\Cache), false)
#7 /opt/lampp/htdocs/prueba-infodec-25/public/index.php(37): CodeIgniter\CodeIgniter->run()
#8 {main}
ERROR - 2022-01-09 00:06:22 --> Unknown column 'SELECT * FROM' in 'field list'
CRITICAL - 2022-01-09 00:06:22 --> Call to a member function getResult() on bool
#0 /opt/lampp/htdocs/prueba-infodec-25/system/View/View.php(210): include()
#1 /opt/lampp/htdocs/prueba-infodec-25/system/View/View.php(213): CodeIgniter\View\View->CodeIgniter\View\{closure}()
#2 /opt/lampp/htdocs/prueba-infodec-25/system/Common.php(1089): CodeIgniter\View\View->render('calificaciones/...', Array, true)
#3 /opt/lampp/htdocs/prueba-infodec-25/app/Controllers/Calificaciones.php(35): view('calificaciones/...', Array)
#4 /opt/lampp/htdocs/prueba-infodec-25/system/CodeIgniter.php(825): App\Controllers\Calificaciones->index()
#5 /opt/lampp/htdocs/prueba-infodec-25/system/CodeIgniter.php(412): CodeIgniter\CodeIgniter->runController(Object(App\Controllers\Calificaciones))
#6 /opt/lampp/htdocs/prueba-infodec-25/system/CodeIgniter.php(320): CodeIgniter\CodeIgniter->handleRequest(NULL, Object(Config\Cache), false)
#7 /opt/lampp/htdocs/prueba-infodec-25/public/index.php(37): CodeIgniter\CodeIgniter->run()
#8 {main}
ERROR - 2022-01-09 00:06:23 --> Unknown column 'SELECT * FROM' in 'field list'
CRITICAL - 2022-01-09 00:06:23 --> Call to a member function getResult() on bool
#0 /opt/lampp/htdocs/prueba-infodec-25/system/View/View.php(210): include()
#1 /opt/lampp/htdocs/prueba-infodec-25/system/View/View.php(213): CodeIgniter\View\View->CodeIgniter\View\{closure}()
#2 /opt/lampp/htdocs/prueba-infodec-25/system/Common.php(1089): CodeIgniter\View\View->render('calificaciones/...', Array, true)
#3 /opt/lampp/htdocs/prueba-infodec-25/app/Controllers/Calificaciones.php(35): view('calificaciones/...', Array)
#4 /opt/lampp/htdocs/prueba-infodec-25/system/CodeIgniter.php(825): App\Controllers\Calificaciones->index()
#5 /opt/lampp/htdocs/prueba-infodec-25/system/CodeIgniter.php(412): CodeIgniter\CodeIgniter->runController(Object(App\Controllers\Calificaciones))
#6 /opt/lampp/htdocs/prueba-infodec-25/system/CodeIgniter.php(320): CodeIgniter\CodeIgniter->handleRequest(NULL, Object(Config\Cache), false)
#7 /opt/lampp/htdocs/prueba-infodec-25/public/index.php(37): CodeIgniter\CodeIgniter->run()
#8 {main}
ERROR - 2022-01-09 00:06:23 --> Unknown column 'SELECT * FROM' in 'field list'
CRITICAL - 2022-01-09 00:06:23 --> Call to a member function getResult() on bool
#0 /opt/lampp/htdocs/prueba-infodec-25/system/View/View.php(210): include()
#1 /opt/lampp/htdocs/prueba-infodec-25/system/View/View.php(213): CodeIgniter\View\View->CodeIgniter\View\{closure}()
#2 /opt/lampp/htdocs/prueba-infodec-25/system/Common.php(1089): CodeIgniter\View\View->render('calificaciones/...', Array, true)
#3 /opt/lampp/htdocs/prueba-infodec-25/app/Controllers/Calificaciones.php(35): view('calificaciones/...', Array)
#4 /opt/lampp/htdocs/prueba-infodec-25/system/CodeIgniter.php(825): App\Controllers\Calificaciones->index()
#5 /opt/lampp/htdocs/prueba-infodec-25/system/CodeIgniter.php(412): CodeIgniter\CodeIgniter->runController(Object(App\Controllers\Calificaciones))
#6 /opt/lampp/htdocs/prueba-infodec-25/system/CodeIgniter.php(320): CodeIgniter\CodeIgniter->handleRequest(NULL, Object(Config\Cache), false)
#7 /opt/lampp/htdocs/prueba-infodec-25/public/index.php(37): CodeIgniter\CodeIgniter->run()
#8 {main}
ERROR - 2022-01-09 00:06:24 --> Unknown column 'SELECT * FROM' in 'field list'
CRITICAL - 2022-01-09 00:06:24 --> Call to a member function getResult() on bool
#0 /opt/lampp/htdocs/prueba-infodec-25/system/View/View.php(210): include()
#1 /opt/lampp/htdocs/prueba-infodec-25/system/View/View.php(213): CodeIgniter\View\View->CodeIgniter\View\{closure}()
#2 /opt/lampp/htdocs/prueba-infodec-25/system/Common.php(1089): CodeIgniter\View\View->render('calificaciones/...', Array, true)
#3 /opt/lampp/htdocs/prueba-infodec-25/app/Controllers/Calificaciones.php(35): view('calificaciones/...', Array)
#4 /opt/lampp/htdocs/prueba-infodec-25/system/CodeIgniter.php(825): App\Controllers\Calificaciones->index()
#5 /opt/lampp/htdocs/prueba-infodec-25/system/CodeIgniter.php(412): CodeIgniter\CodeIgniter->runController(Object(App\Controllers\Calificaciones))
#6 /opt/lampp/htdocs/prueba-infodec-25/system/CodeIgniter.php(320): CodeIgniter\CodeIgniter->handleRequest(NULL, Object(Config\Cache), false)
#7 /opt/lampp/htdocs/prueba-infodec-25/public/index.php(37): CodeIgniter\CodeIgniter->run()
#8 {main}
ERROR - 2022-01-09 00:06:24 --> Unknown column 'SELECT * FROM' in 'field list'
CRITICAL - 2022-01-09 00:06:24 --> Call to a member function getResult() on bool
#0 /opt/lampp/htdocs/prueba-infodec-25/system/View/View.php(210): include()
#1 /opt/lampp/htdocs/prueba-infodec-25/system/View/View.php(213): CodeIgniter\View\View->CodeIgniter\View\{closure}()
#2 /opt/lampp/htdocs/prueba-infodec-25/system/Common.php(1089): CodeIgniter\View\View->render('calificaciones/...', Array, true)
#3 /opt/lampp/htdocs/prueba-infodec-25/app/Controllers/Calificaciones.php(35): view('calificaciones/...', Array)
#4 /opt/lampp/htdocs/prueba-infodec-25/system/CodeIgniter.php(825): App\Controllers\Calificaciones->index()
#5 /opt/lampp/htdocs/prueba-infodec-25/system/CodeIgniter.php(412): CodeIgniter\CodeIgniter->runController(Object(App\Controllers\Calificaciones))
#6 /opt/lampp/htdocs/prueba-infodec-25/system/CodeIgniter.php(320): CodeIgniter\CodeIgniter->handleRequest(NULL, Object(Config\Cache), false)
#7 /opt/lampp/htdocs/prueba-infodec-25/public/index.php(37): CodeIgniter\CodeIgniter->run()
#8 {main}
ERROR - 2022-01-09 00:06:24 --> Unknown column 'SELECT * FROM' in 'field list'
CRITICAL - 2022-01-09 00:06:24 --> Call to a member function getResult() on bool
#0 /opt/lampp/htdocs/prueba-infodec-25/system/View/View.php(210): include()
#1 /opt/lampp/htdocs/prueba-infodec-25/system/View/View.php(213): CodeIgniter\View\View->CodeIgniter\View\{closure}()
#2 /opt/lampp/htdocs/prueba-infodec-25/system/Common.php(1089): CodeIgniter\View\View->render('calificaciones/...', Array, true)
#3 /opt/lampp/htdocs/prueba-infodec-25/app/Controllers/Calificaciones.php(35): view('calificaciones/...', Array)
#4 /opt/lampp/htdocs/prueba-infodec-25/system/CodeIgniter.php(825): App\Controllers\Calificaciones->index()
#5 /opt/lampp/htdocs/prueba-infodec-25/system/CodeIgniter.php(412): CodeIgniter\CodeIgniter->runController(Object(App\Controllers\Calificaciones))
#6 /opt/lampp/htdocs/prueba-infodec-25/system/CodeIgniter.php(320): CodeIgniter\CodeIgniter->handleRequest(NULL, Object(Config\Cache), false)
#7 /opt/lampp/htdocs/prueba-infodec-25/public/index.php(37): CodeIgniter\CodeIgniter->run()
#8 {main}
ERROR - 2022-01-09 00:06:24 --> Unknown column 'SELECT * FROM' in 'field list'
CRITICAL - 2022-01-09 00:06:24 --> Call to a member function getResult() on bool
#0 /opt/lampp/htdocs/prueba-infodec-25/system/View/View.php(210): include()
#1 /opt/lampp/htdocs/prueba-infodec-25/system/View/View.php(213): CodeIgniter\View\View->CodeIgniter\View\{closure}()
#2 /opt/lampp/htdocs/prueba-infodec-25/system/Common.php(1089): CodeIgniter\View\View->render('calificaciones/...', Array, true)
#3 /opt/lampp/htdocs/prueba-infodec-25/app/Controllers/Calificaciones.php(35): view('calificaciones/...', Array)
#4 /opt/lampp/htdocs/prueba-infodec-25/system/CodeIgniter.php(825): App\Controllers\Calificaciones->index()
#5 /opt/lampp/htdocs/prueba-infodec-25/system/CodeIgniter.php(412): CodeIgniter\CodeIgniter->runController(Object(App\Controllers\Calificaciones))
#6 /opt/lampp/htdocs/prueba-infodec-25/system/CodeIgniter.php(320): CodeIgniter\CodeIgniter->handleRequest(NULL, Object(Config\Cache), false)
#7 /opt/lampp/htdocs/prueba-infodec-25/public/index.php(37): CodeIgniter\CodeIgniter->run()
#8 {main}
ERROR - 2022-01-09 00:06:24 --> Unknown column 'SELECT * FROM' in 'field list'
CRITICAL - 2022-01-09 00:06:24 --> Call to a member function getResult() on bool
#0 /opt/lampp/htdocs/prueba-infodec-25/system/View/View.php(210): include()
#1 /opt/lampp/htdocs/prueba-infodec-25/system/View/View.php(213): CodeIgniter\View\View->CodeIgniter\View\{closure}()
#2 /opt/lampp/htdocs/prueba-infodec-25/system/Common.php(1089): CodeIgniter\View\View->render('calificaciones/...', Array, true)
#3 /opt/lampp/htdocs/prueba-infodec-25/app/Controllers/Calificaciones.php(35): view('calificaciones/...', Array)
#4 /opt/lampp/htdocs/prueba-infodec-25/system/CodeIgniter.php(825): App\Controllers\Calificaciones->index()
#5 /opt/lampp/htdocs/prueba-infodec-25/system/CodeIgniter.php(412): CodeIgniter\CodeIgniter->runController(Object(App\Controllers\Calificaciones))
#6 /opt/lampp/htdocs/prueba-infodec-25/system/CodeIgniter.php(320): CodeIgniter\CodeIgniter->handleRequest(NULL, Object(Config\Cache), false)
#7 /opt/lampp/htdocs/prueba-infodec-25/public/index.php(37): CodeIgniter\CodeIgniter->run()
#8 {main}
ERROR - 2022-01-09 00:06:25 --> Unknown column 'SELECT * FROM' in 'field list'
CRITICAL - 2022-01-09 00:06:25 --> Call to a member function getResult() on bool
#0 /opt/lampp/htdocs/prueba-infodec-25/system/View/View.php(210): include()
#1 /opt/lampp/htdocs/prueba-infodec-25/system/View/View.php(213): CodeIgniter\View\View->CodeIgniter\View\{closure}()
#2 /opt/lampp/htdocs/prueba-infodec-25/system/Common.php(1089): CodeIgniter\View\View->render('calificaciones/...', Array, true)
#3 /opt/lampp/htdocs/prueba-infodec-25/app/Controllers/Calificaciones.php(35): view('calificaciones/...', Array)
#4 /opt/lampp/htdocs/prueba-infodec-25/system/CodeIgniter.php(825): App\Controllers\Calificaciones->index()
#5 /opt/lampp/htdocs/prueba-infodec-25/system/CodeIgniter.php(412): CodeIgniter\CodeIgniter->runController(Object(App\Controllers\Calificaciones))
#6 /opt/lampp/htdocs/prueba-infodec-25/system/CodeIgniter.php(320): CodeIgniter\CodeIgniter->handleRequest(NULL, Object(Config\Cache), false)
#7 /opt/lampp/htdocs/prueba-infodec-25/public/index.php(37): CodeIgniter\CodeIgniter->run()
#8 {main}
ERROR - 2022-01-09 00:06:25 --> Unknown column 'SELECT * FROM' in 'field list'
CRITICAL - 2022-01-09 00:06:25 --> Call to a member function getResult() on bool
#0 /opt/lampp/htdocs/prueba-infodec-25/system/View/View.php(210): include()
#1 /opt/lampp/htdocs/prueba-infodec-25/system/View/View.php(213): CodeIgniter\View\View->CodeIgniter\View\{closure}()
#2 /opt/lampp/htdocs/prueba-infodec-25/system/Common.php(1089): CodeIgniter\View\View->render('calificaciones/...', Array, true)
#3 /opt/lampp/htdocs/prueba-infodec-25/app/Controllers/Calificaciones.php(35): view('calificaciones/...', Array)
#4 /opt/lampp/htdocs/prueba-infodec-25/system/CodeIgniter.php(825): App\Controllers\Calificaciones->index()
#5 /opt/lampp/htdocs/prueba-infodec-25/system/CodeIgniter.php(412): CodeIgniter\CodeIgniter->runController(Object(App\Controllers\Calificaciones))
#6 /opt/lampp/htdocs/prueba-infodec-25/system/CodeIgniter.php(320): CodeIgniter\CodeIgniter->handleRequest(NULL, Object(Config\Cache), false)
#7 /opt/lampp/htdocs/prueba-infodec-25/public/index.php(37): CodeIgniter\CodeIgniter->run()
#8 {main}
ERROR - 2022-01-09 00:06:49 --> Unknown column 'SELECT * FROM' in 'field list'
CRITICAL - 2022-01-09 00:06:49 --> Call to a member function getResult() on bool
#0 /opt/lampp/htdocs/prueba-infodec-25/system/View/View.php(210): include()
#1 /opt/lampp/htdocs/prueba-infodec-25/system/View/View.php(213): CodeIgniter\View\View->CodeIgniter\View\{closure}()
#2 /opt/lampp/htdocs/prueba-infodec-25/system/Common.php(1089): CodeIgniter\View\View->render('calificaciones/...', Array, true)
#3 /opt/lampp/htdocs/prueba-infodec-25/app/Controllers/Calificaciones.php(35): view('calificaciones/...', Array)
#4 /opt/lampp/htdocs/prueba-infodec-25/system/CodeIgniter.php(825): App\Controllers\Calificaciones->index()
#5 /opt/lampp/htdocs/prueba-infodec-25/system/CodeIgniter.php(412): CodeIgniter\CodeIgniter->runController(Object(App\Controllers\Calificaciones))
#6 /opt/lampp/htdocs/prueba-infodec-25/system/CodeIgniter.php(320): CodeIgniter\CodeIgniter->handleRequest(NULL, Object(Config\Cache), false)
#7 /opt/lampp/htdocs/prueba-infodec-25/public/index.php(37): CodeIgniter\CodeIgniter->run()
#8 {main}
ERROR - 2022-01-09 00:06:49 --> Unknown column 'SELECT * FROM' in 'field list'
CRITICAL - 2022-01-09 00:06:49 --> Call to a member function getResult() on bool
#0 /opt/lampp/htdocs/prueba-infodec-25/system/View/View.php(210): include()
#1 /opt/lampp/htdocs/prueba-infodec-25/system/View/View.php(213): CodeIgniter\View\View->CodeIgniter\View\{closure}()
#2 /opt/lampp/htdocs/prueba-infodec-25/system/Common.php(1089): CodeIgniter\View\View->render('calificaciones/...', Array, true)
#3 /opt/lampp/htdocs/prueba-infodec-25/app/Controllers/Calificaciones.php(35): view('calificaciones/...', Array)
#4 /opt/lampp/htdocs/prueba-infodec-25/system/CodeIgniter.php(825): App\Controllers\Calificaciones->index()
#5 /opt/lampp/htdocs/prueba-infodec-25/system/CodeIgniter.php(412): CodeIgniter\CodeIgniter->runController(Object(App\Controllers\Calificaciones))
#6 /opt/lampp/htdocs/prueba-infodec-25/system/CodeIgniter.php(320): CodeIgniter\CodeIgniter->handleRequest(NULL, Object(Config\Cache), false)
#7 /opt/lampp/htdocs/prueba-infodec-25/public/index.php(37): CodeIgniter\CodeIgniter->run()
#8 {main}
ERROR - 2022-01-09 00:10:05 --> Unknown column 'nombre_studiante' in 'field list'
ERROR - 2022-01-09 00:12:47 --> Unknown column 'nombre_studiante' in 'field list'
CRITICAL - 2022-01-09 00:20:23 --> CodeIgniter\Database\BaseBuilder::insert(): Argument #1 ($set) must be of type ?array, string given, called in /opt/lampp/htdocs/prueba-infodec-25/app/Controllers/Calificaciones.php on line 75
#0 /opt/lampp/htdocs/prueba-infodec-25/app/Controllers/Calificaciones.php(75): CodeIgniter\Database\BaseBuilder->insert('calificacion', Array)
#1 /opt/lampp/htdocs/prueba-infodec-25/system/CodeIgniter.php(825): App\Controllers\Calificaciones->agregar()
#2 /opt/lampp/htdocs/prueba-infodec-25/system/CodeIgniter.php(412): CodeIgniter\CodeIgniter->runController(Object(App\Controllers\Calificaciones))
#3 /opt/lampp/htdocs/prueba-infodec-25/system/CodeIgniter.php(320): CodeIgniter\CodeIgniter->handleRequest(NULL, Object(Config\Cache), false)
#4 /opt/lampp/htdocs/prueba-infodec-25/public/index.php(37): CodeIgniter\CodeIgniter->run()
#5 {main}
ERROR - 2022-01-09 00:24:37 --> Column 'nota_final' cannot be null
CRITICAL - 2022-01-09 00:32:27 --> Undefined variable $query
#0 /opt/lampp/htdocs/prueba-infodec-25/app/Controllers/Calificaciones.php(25): CodeIgniter\Debug\Exceptions->errorHandler(2, 'Undefined varia...', '/opt/lampp/htdo...', 25)
#1 /opt/lampp/htdocs/prueba-infodec-25/system/CodeIgniter.php(825): App\Controllers\Calificaciones->index()
#2 /opt/lampp/htdocs/prueba-infodec-25/system/CodeIgniter.php(412): CodeIgniter\CodeIgniter->runController(Object(App\Controllers\Calificaciones))
#3 /opt/lampp/htdocs/prueba-infodec-25/system/CodeIgniter.php(320): CodeIgniter\CodeIgniter->handleRequest(NULL, Object(Config\Cache), false)
#4 /opt/lampp/htdocs/prueba-infodec-25/public/index.php(37): CodeIgniter\CodeIgniter->run()
#5 {main}
CRITICAL - 2022-01-09 00:32:39 --> Call to a member function getResult() on array
#0 /opt/lampp/htdocs/prueba-infodec-25/system/View/View.php(210): include()
#1 /opt/lampp/htdocs/prueba-infodec-25/system/View/View.php(213): CodeIgniter\View\View->CodeIgniter\View\{closure}()
#2 /opt/lampp/htdocs/prueba-infodec-25/system/Common.php(1089): CodeIgniter\View\View->render('calificaciones/...', Array, true)
#3 /opt/lampp/htdocs/prueba-infodec-25/app/Controllers/Calificaciones.php(28): view('calificaciones/...', Array)
#4 /opt/lampp/htdocs/prueba-infodec-25/system/CodeIgniter.php(825): App\Controllers\Calificaciones->index()
#5 /opt/lampp/htdocs/prueba-infodec-25/system/CodeIgniter.php(412): CodeIgniter\CodeIgniter->runController(Object(App\Controllers\Calificaciones))
#6 /opt/lampp/htdocs/prueba-infodec-25/system/CodeIgniter.php(320): CodeIgniter\CodeIgniter->handleRequest(NULL, Object(Config\Cache), false)
#7 /opt/lampp/htdocs/prueba-infodec-25/public/index.php(37): CodeIgniter\CodeIgniter->run()
#8 {main}
CRITICAL - 2022-01-09 00:32:44 --> Call to a member function getResult() on array
#0 /opt/lampp/htdocs/prueba-infodec-25/system/View/View.php(210): include()
#1 /opt/lampp/htdocs/prueba-infodec-25/system/View/View.php(213): CodeIgniter\View\View->CodeIgniter\View\{closure}()
#2 /opt/lampp/htdocs/prueba-infodec-25/system/Common.php(1089): CodeIgniter\View\View->render('calificaciones/...', Array, true)
#3 /opt/lampp/htdocs/prueba-infodec-25/app/Controllers/Calificaciones.php(28): view('calificaciones/...', Array)
#4 /opt/lampp/htdocs/prueba-infodec-25/system/CodeIgniter.php(825): App\Controllers\Calificaciones->index()
#5 /opt/lampp/htdocs/prueba-infodec-25/system/CodeIgniter.php(412): CodeIgniter\CodeIgniter->runController(Object(App\Controllers\Calificaciones))
#6 /opt/lampp/htdocs/prueba-infodec-25/system/CodeIgniter.php(320): CodeIgniter\CodeIgniter->handleRequest(NULL, Object(Config\Cache), false)
#7 /opt/lampp/htdocs/prueba-infodec-25/public/index.php(37): CodeIgniter\CodeIgniter->run()
#8 {main}
CRITICAL - 2022-01-09 10:10:08 --> Call to undefined method App\Models\Calificacion::firts
#0 /opt/lampp/htdocs/prueba-infodec-25/app/Controllers/Calificaciones.php(83): CodeIgniter\Model->__call('firts', Array)
#1 /opt/lampp/htdocs/prueba-infodec-25/system/CodeIgniter.php(825): App\Controllers\Calificaciones->editarCalificacion('4')
#2 /opt/lampp/htdocs/prueba-infodec-25/system/CodeIgniter.php(412): CodeIgniter\CodeIgniter->runController(Object(App\Controllers\Calificaciones))
#3 /opt/lampp/htdocs/prueba-infodec-25/system/CodeIgniter.php(320): CodeIgniter\CodeIgniter->handleRequest(NULL, Object(Config\Cache), false)
#4 /opt/lampp/htdocs/prueba-infodec-25/public/index.php(37): CodeIgniter\CodeIgniter->run()
#5 {main}
CRITICAL - 2022-01-09 10:11:08 --> Undefined variable $validation
#0 /opt/lampp/htdocs/prueba-infodec-25/app/Views/calificaciones/editar_calificacion.php(3): CodeIgniter\Debug\Exceptions->errorHandler(2, 'Undefined varia...', '/opt/lampp/htdo...', 3)
#1 /opt/lampp/htdocs/prueba-infodec-25/system/View/View.php(210): include('/opt/lampp/htdo...')
#2 /opt/lampp/htdocs/prueba-infodec-25/system/View/View.php(213): CodeIgniter\View\View->CodeIgniter\View\{closure}()
#3 /opt/lampp/htdocs/prueba-infodec-25/system/Common.php(1089): CodeIgniter\View\View->render('calificaciones/...', Array, true)
#4 /opt/lampp/htdocs/prueba-infodec-25/app/Controllers/Calificaciones.php(86): view('calificaciones/...', Array)
#5 /opt/lampp/htdocs/prueba-infodec-25/system/CodeIgniter.php(825): App\Controllers\Calificaciones->editarCalificacion('4')
#6 /opt/lampp/htdocs/prueba-infodec-25/system/CodeIgniter.php(412): CodeIgniter\CodeIgniter->runController(Object(App\Controllers\Calificaciones))
#7 /opt/lampp/htdocs/prueba-infodec-25/system/CodeIgniter.php(320): CodeIgniter\CodeIgniter->handleRequest(NULL, Object(Config\Cache), false)
#8 /opt/lampp/htdocs/prueba-infodec-25/public/index.php(37): CodeIgniter\CodeIgniter->run()
#9 {main}
CRITICAL - 2022-01-09 10:33:32 --> Call to undefined function App\Controllers\editarCalificacion()
#0 /opt/lampp/htdocs/prueba-infodec-25/system/CodeIgniter.php(825): App\Controllers\Calificaciones->editar()
#1 /opt/lampp/htdocs/prueba-infodec-25/system/CodeIgniter.php(412): CodeIgniter\CodeIgniter->runController(Object(App\Controllers\Calificaciones))
#2 /opt/lampp/htdocs/prueba-infodec-25/system/CodeIgniter.php(320): CodeIgniter\CodeIgniter->handleRequest(NULL, Object(Config\Cache), false)
#3 /opt/lampp/htdocs/prueba-infodec-25/public/index.php(37): CodeIgniter\CodeIgniter->run()
#4 {main}
CRITICAL - 2022-01-09 10:34:58 --> Undefined variable $id
#0 /opt/lampp/htdocs/prueba-infodec-25/app/Controllers/Calificaciones.php(115): CodeIgniter\Debug\Exceptions->errorHandler(2, 'Undefined varia...', '/opt/lampp/htdo...', 115)
#1 /opt/lampp/htdocs/prueba-infodec-25/system/CodeIgniter.php(825): App\Controllers\Calificaciones->editar()
#2 /opt/lampp/htdocs/prueba-infodec-25/system/CodeIgniter.php(412): CodeIgniter\CodeIgniter->runController(Object(App\Controllers\Calificaciones))
#3 /opt/lampp/htdocs/prueba-infodec-25/system/CodeIgniter.php(320): CodeIgniter\CodeIgniter->handleRequest(NULL, Object(Config\Cache), false)
#4 /opt/lampp/htdocs/prueba-infodec-25/public/index.php(37): CodeIgniter\CodeIgniter->run()
#5 {main}
CRITICAL - 2022-01-09 10:39:16 -->  route cannot be found while reverse-routing.
#0 /opt/lampp/htdocs/prueba-infodec-25/system/HTTP/RedirectResponse.php(56): CodeIgniter\HTTP\Exceptions\HTTPException::forInvalidRedirectRoute('')
#1 /opt/lampp/htdocs/prueba-infodec-25/system/Common.php(832): CodeIgniter\HTTP\RedirectResponse->route(false)
#2 /opt/lampp/htdocs/prueba-infodec-25/app/Controllers/Calificaciones.php(113): redirect('/editar_calific...', 'refresh')
#3 /opt/lampp/htdocs/prueba-infodec-25/system/CodeIgniter.php(825): App\Controllers\Calificaciones->editar()
#4 /opt/lampp/htdocs/prueba-infodec-25/system/CodeIgniter.php(412): CodeIgniter\CodeIgniter->runController(Object(App\Controllers\Calificaciones))
#5 /opt/lampp/htdocs/prueba-infodec-25/system/CodeIgniter.php(320): CodeIgniter\CodeIgniter->handleRequest(NULL, Object(Config\Cache), false)
#6 /opt/lampp/htdocs/prueba-infodec-25/public/index.php(37): CodeIgniter\CodeIgniter->run()
#7 {main}
CRITICAL - 2022-01-09 10:39:45 -->  route cannot be found while reverse-routing.
#0 /opt/lampp/htdocs/prueba-infodec-25/system/HTTP/RedirectResponse.php(56): CodeIgniter\HTTP\Exceptions\HTTPException::forInvalidRedirectRoute('')
#1 /opt/lampp/htdocs/prueba-infodec-25/system/Common.php(832): CodeIgniter\HTTP\RedirectResponse->route(false)
#2 /opt/lampp/htdocs/prueba-infodec-25/app/Controllers/Calificaciones.php(113): redirect('editar_califica...', 'refresh')
#3 /opt/lampp/htdocs/prueba-infodec-25/system/CodeIgniter.php(825): App\Controllers\Calificaciones->editar()
#4 /opt/lampp/htdocs/prueba-infodec-25/system/CodeIgniter.php(412): CodeIgniter\CodeIgniter->runController(Object(App\Controllers\Calificaciones))
#5 /opt/lampp/htdocs/prueba-infodec-25/system/CodeIgniter.php(320): CodeIgniter\CodeIgniter->handleRequest(NULL, Object(Config\Cache), false)
#6 /opt/lampp/htdocs/prueba-infodec-25/public/index.php(37): CodeIgniter\CodeIgniter->run()
#7 {main}
CRITICAL - 2022-01-09 10:40:59 --> Undefined constant "App\Controllers\redirect"
#0 /opt/lampp/htdocs/prueba-infodec-25/system/CodeIgniter.php(825): App\Controllers\Calificaciones->editar()
#1 /opt/lampp/htdocs/prueba-infodec-25/system/CodeIgniter.php(412): CodeIgniter\CodeIgniter->runController(Object(App\Controllers\Calificaciones))
#2 /opt/lampp/htdocs/prueba-infodec-25/system/CodeIgniter.php(320): CodeIgniter\CodeIgniter->handleRequest(NULL, Object(Config\Cache), false)
#3 /opt/lampp/htdocs/prueba-infodec-25/public/index.php(37): CodeIgniter\CodeIgniter->run()
#4 {main}
CRITICAL - 2022-01-09 10:42:12 --> Undefined constant "App\Controllers\redirect"
#0 /opt/lampp/htdocs/prueba-infodec-25/system/CodeIgniter.php(825): App\Controllers\Calificaciones->editar()
#1 /opt/lampp/htdocs/prueba-infodec-25/system/CodeIgniter.php(412): CodeIgniter\CodeIgniter->runController(Object(App\Controllers\Calificaciones))
#2 /opt/lampp/htdocs/prueba-infodec-25/system/CodeIgniter.php(320): CodeIgniter\CodeIgniter->handleRequest(NULL, Object(Config\Cache), false)
#3 /opt/lampp/htdocs/prueba-infodec-25/public/index.php(37): CodeIgniter\CodeIgniter->run()
#4 {main}
CRITICAL - 2022-01-09 10:42:54 -->  route cannot be found while reverse-routing.
#0 /opt/lampp/htdocs/prueba-infodec-25/system/HTTP/RedirectResponse.php(56): CodeIgniter\HTTP\Exceptions\HTTPException::forInvalidRedirectRoute('')
#1 /opt/lampp/htdocs/prueba-infodec-25/system/Common.php(832): CodeIgniter\HTTP\RedirectResponse->route(false)
#2 /opt/lampp/htdocs/prueba-infodec-25/app/Controllers/Calificaciones.php(113): redirect('editar_califica...')
#3 /opt/lampp/htdocs/prueba-infodec-25/system/CodeIgniter.php(825): App\Controllers\Calificaciones->editar()
#4 /opt/lampp/htdocs/prueba-infodec-25/system/CodeIgniter.php(412): CodeIgniter\CodeIgniter->runController(Object(App\Controllers\Calificaciones))
#5 /opt/lampp/htdocs/prueba-infodec-25/system/CodeIgniter.php(320): CodeIgniter\CodeIgniter->handleRequest(NULL, Object(Config\Cache), false)
#6 /opt/lampp/htdocs/prueba-infodec-25/public/index.php(37): CodeIgniter\CodeIgniter->run()
#7 {main}
CRITICAL - 2022-01-09 10:44:30 --> Undefined constant "App\Controllers\redirect"
#0 /opt/lampp/htdocs/prueba-infodec-25/system/CodeIgniter.php(825): App\Controllers\Calificaciones->editar()
#1 /opt/lampp/htdocs/prueba-infodec-25/system/CodeIgniter.php(412): CodeIgniter\CodeIgniter->runController(Object(App\Controllers\Calificaciones))
#2 /opt/lampp/htdocs/prueba-infodec-25/system/CodeIgniter.php(320): CodeIgniter\CodeIgniter->handleRequest(NULL, Object(Config\Cache), false)
#3 /opt/lampp/htdocs/prueba-infodec-25/public/index.php(37): CodeIgniter\CodeIgniter->run()
#4 {main}
CRITICAL - 2022-01-09 10:45:16 --> Undefined constant "App\Controllers\redirect"
#0 /opt/lampp/htdocs/prueba-infodec-25/system/CodeIgniter.php(825): App\Controllers\Calificaciones->editar()
#1 /opt/lampp/htdocs/prueba-infodec-25/system/CodeIgniter.php(412): CodeIgniter\CodeIgniter->runController(Object(App\Controllers\Calificaciones))
#2 /opt/lampp/htdocs/prueba-infodec-25/system/CodeIgniter.php(320): CodeIgniter\CodeIgniter->handleRequest(NULL, Object(Config\Cache), false)
#3 /opt/lampp/htdocs/prueba-infodec-25/public/index.php(37): CodeIgniter\CodeIgniter->run()
#4 {main}
CRITICAL - 2022-01-09 10:47:36 -->  route cannot be found while reverse-routing.
#0 /opt/lampp/htdocs/prueba-infodec-25/system/HTTP/RedirectResponse.php(56): CodeIgniter\HTTP\Exceptions\HTTPException::forInvalidRedirectRoute('')
#1 /opt/lampp/htdocs/prueba-infodec-25/system/Common.php(832): CodeIgniter\HTTP\RedirectResponse->route(false)
#2 /opt/lampp/htdocs/prueba-infodec-25/app/Controllers/Calificaciones.php(113): redirect('editar_califica...')
#3 /opt/lampp/htdocs/prueba-infodec-25/system/CodeIgniter.php(825): App\Controllers\Calificaciones->editar()
#4 /opt/lampp/htdocs/prueba-infodec-25/system/CodeIgniter.php(412): CodeIgniter\CodeIgniter->runController(Object(App\Controllers\Calificaciones))
#5 /opt/lampp/htdocs/prueba-infodec-25/system/CodeIgniter.php(320): CodeIgniter\CodeIgniter->handleRequest(NULL, Object(Config\Cache), false)
#6 /opt/lampp/htdocs/prueba-infodec-25/public/index.php(37): CodeIgniter\CodeIgniter->run()
#7 {main}
CRITICAL - 2022-01-09 10:49:03 -->  route cannot be found while reverse-routing.
#0 /opt/lampp/htdocs/prueba-infodec-25/system/HTTP/RedirectResponse.php(56): CodeIgniter\HTTP\Exceptions\HTTPException::forInvalidRedirectRoute('')
#1 /opt/lampp/htdocs/prueba-infodec-25/system/Common.php(832): CodeIgniter\HTTP\RedirectResponse->route(false)
#2 /opt/lampp/htdocs/prueba-infodec-25/app/Controllers/Calificaciones.php(113): redirect('editar_califica...', 'refresh')
#3 /opt/lampp/htdocs/prueba-infodec-25/system/CodeIgniter.php(825): App\Controllers\Calificaciones->editar()
#4 /opt/lampp/htdocs/prueba-infodec-25/system/CodeIgniter.php(412): CodeIgniter\CodeIgniter->runController(Object(App\Controllers\Calificaciones))
#5 /opt/lampp/htdocs/prueba-infodec-25/system/CodeIgniter.php(320): CodeIgniter\CodeIgniter->handleRequest(NULL, Object(Config\Cache), false)
#6 /opt/lampp/htdocs/prueba-infodec-25/public/index.php(37): CodeIgniter\CodeIgniter->run()
#7 {main}
CRITICAL - 2022-01-09 10:50:38 -->  route cannot be found while reverse-routing.
#0 /opt/lampp/htdocs/prueba-infodec-25/system/HTTP/RedirectResponse.php(56): CodeIgniter\HTTP\Exceptions\HTTPException::forInvalidRedirectRoute('')
#1 /opt/lampp/htdocs/prueba-infodec-25/system/Common.php(832): CodeIgniter\HTTP\RedirectResponse->route(false)
#2 /opt/lampp/htdocs/prueba-infodec-25/app/Controllers/Calificaciones.php(113): redirect('editar_califica...', 'refresh')
#3 /opt/lampp/htdocs/prueba-infodec-25/system/CodeIgniter.php(825): App\Controllers\Calificaciones->editar()
#4 /opt/lampp/htdocs/prueba-infodec-25/system/CodeIgniter.php(412): CodeIgniter\CodeIgniter->runController(Object(App\Controllers\Calificaciones))
#5 /opt/lampp/htdocs/prueba-infodec-25/system/CodeIgniter.php(320): CodeIgniter\CodeIgniter->handleRequest(NULL, Object(Config\Cache), false)
#6 /opt/lampp/htdocs/prueba-infodec-25/public/index.php(37): CodeIgniter\CodeIgniter->run()
#7 {main}
CRITICAL - 2022-01-09 10:52:28 -->  route cannot be found while reverse-routing.
#0 /opt/lampp/htdocs/prueba-infodec-25/system/HTTP/RedirectResponse.php(56): CodeIgniter\HTTP\Exceptions\HTTPException::forInvalidRedirectRoute('')
#1 /opt/lampp/htdocs/prueba-infodec-25/system/Common.php(832): CodeIgniter\HTTP\RedirectResponse->route(false)
#2 /opt/lampp/htdocs/prueba-infodec-25/app/Controllers/Calificaciones.php(113): redirect('editar_califica...', 8)
#3 /opt/lampp/htdocs/prueba-infodec-25/system/CodeIgniter.php(825): App\Controllers\Calificaciones->editar()
#4 /opt/lampp/htdocs/prueba-infodec-25/system/CodeIgniter.php(412): CodeIgniter\CodeIgniter->runController(Object(App\Controllers\Calificaciones))
#5 /opt/lampp/htdocs/prueba-infodec-25/system/CodeIgniter.php(320): CodeIgniter\CodeIgniter->handleRequest(NULL, Object(Config\Cache), false)
#6 /opt/lampp/htdocs/prueba-infodec-25/public/index.php(37): CodeIgniter\CodeIgniter->run()
#7 {main}
CRITICAL - 2022-01-09 10:57:05 --> Undefined constant "App\Controllers\redirect"
#0 /opt/lampp/htdocs/prueba-infodec-25/system/CodeIgniter.php(825): App\Controllers\Calificaciones->editar()
#1 /opt/lampp/htdocs/prueba-infodec-25/system/CodeIgniter.php(412): CodeIgniter\CodeIgniter->runController(Object(App\Controllers\Calificaciones))
#2 /opt/lampp/htdocs/prueba-infodec-25/system/CodeIgniter.php(320): CodeIgniter\CodeIgniter->handleRequest(NULL, Object(Config\Cache), false)
#3 /opt/lampp/htdocs/prueba-infodec-25/public/index.php(37): CodeIgniter\CodeIgniter->run()
#4 {main}
CRITICAL - 2022-01-09 10:57:54 --> Undefined constant "App\Controllers\redirect"
#0 /opt/lampp/htdocs/prueba-infodec-25/system/CodeIgniter.php(825): App\Controllers\Calificaciones->editar()
#1 /opt/lampp/htdocs/prueba-infodec-25/system/CodeIgniter.php(412): CodeIgniter\CodeIgniter->runController(Object(App\Controllers\Calificaciones))
#2 /opt/lampp/htdocs/prueba-infodec-25/system/CodeIgniter.php(320): CodeIgniter\CodeIgniter->handleRequest(NULL, Object(Config\Cache), false)
#3 /opt/lampp/htdocs/prueba-infodec-25/public/index.php(37): CodeIgniter\CodeIgniter->run()
#4 {main}
CRITICAL - 2022-01-09 10:58:22 --> CodeIgniter\HTTP\RedirectResponse::to(): Argument #2 ($code) must be of type ?int, string given, called in /opt/lampp/htdocs/prueba-infodec-25/app/Controllers/Calificaciones.php on line 113
#0 /opt/lampp/htdocs/prueba-infodec-25/app/Controllers/Calificaciones.php(113): CodeIgniter\HTTP\RedirectResponse->to('/', 'refresh')
#1 /opt/lampp/htdocs/prueba-infodec-25/system/CodeIgniter.php(825): App\Controllers\Calificaciones->editar()
#2 /opt/lampp/htdocs/prueba-infodec-25/system/CodeIgniter.php(412): CodeIgniter\CodeIgniter->runController(Object(App\Controllers\Calificaciones))
#3 /opt/lampp/htdocs/prueba-infodec-25/system/CodeIgniter.php(320): CodeIgniter\CodeIgniter->handleRequest(NULL, Object(Config\Cache), false)
#4 /opt/lampp/htdocs/prueba-infodec-25/public/index.php(37): CodeIgniter\CodeIgniter->run()
#5 {main}
CRITICAL - 2022-01-09 11:01:09 --> Trying to access array offset on value of type null
#0 /opt/lampp/htdocs/prueba-infodec-25/app/Views/calificaciones/editar_calificacion.php(13): CodeIgniter\Debug\Exceptions->errorHandler(2, 'Trying to acces...', '/opt/lampp/htdo...', 13)
#1 /opt/lampp/htdocs/prueba-infodec-25/system/View/View.php(210): include('/opt/lampp/htdo...')
#2 /opt/lampp/htdocs/prueba-infodec-25/system/View/View.php(213): CodeIgniter\View\View->CodeIgniter\View\{closure}()
#3 /opt/lampp/htdocs/prueba-infodec-25/system/Common.php(1089): CodeIgniter\View\View->render('calificaciones/...', Array, true)
#4 /opt/lampp/htdocs/prueba-infodec-25/app/Controllers/Calificaciones.php(87): view('calificaciones/...', Array)
#5 /opt/lampp/htdocs/prueba-infodec-25/system/CodeIgniter.php(825): App\Controllers\Calificaciones->editarCalificacion('2')
#6 /opt/lampp/htdocs/prueba-infodec-25/system/CodeIgniter.php(412): CodeIgniter\CodeIgniter->runController(Object(App\Controllers\Calificaciones))
#7 /opt/lampp/htdocs/prueba-infodec-25/system/CodeIgniter.php(320): CodeIgniter\CodeIgniter->handleRequest(NULL, Object(Config\Cache), false)
#8 /opt/lampp/htdocs/prueba-infodec-25/public/index.php(37): CodeIgniter\CodeIgniter->run()
#9 {main}
CRITICAL - 2022-01-09 11:08:47 -->  route cannot be found while reverse-routing.
#0 /opt/lampp/htdocs/prueba-infodec-25/system/HTTP/RedirectResponse.php(56): CodeIgniter\HTTP\Exceptions\HTTPException::forInvalidRedirectRoute('')
#1 /opt/lampp/htdocs/prueba-infodec-25/app/Controllers/Calificaciones.php(113): CodeIgniter\HTTP\RedirectResponse->route(false)
#2 /opt/lampp/htdocs/prueba-infodec-25/system/CodeIgniter.php(825): App\Controllers\Calificaciones->editar()
#3 /opt/lampp/htdocs/prueba-infodec-25/system/CodeIgniter.php(412): CodeIgniter\CodeIgniter->runController(Object(App\Controllers\Calificaciones))
#4 /opt/lampp/htdocs/prueba-infodec-25/system/CodeIgniter.php(320): CodeIgniter\CodeIgniter->handleRequest(NULL, Object(Config\Cache), false)
#5 /opt/lampp/htdocs/prueba-infodec-25/public/index.php(37): CodeIgniter\CodeIgniter->run()
#6 {main}
CRITICAL - 2022-01-09 11:20:12 --> Call to a member function listErrors() on null
#0 /opt/lampp/htdocs/prueba-infodec-25/system/View/View.php(210): include()
#1 /opt/lampp/htdocs/prueba-infodec-25/system/View/View.php(213): CodeIgniter\View\View->CodeIgniter\View\{closure}()
#2 /opt/lampp/htdocs/prueba-infodec-25/system/Common.php(1089): CodeIgniter\View\View->render('calificaciones/...', Array, true)
#3 /opt/lampp/htdocs/prueba-infodec-25/app/Controllers/Calificaciones.php(89): view('calificaciones/...', Array)
#4 /opt/lampp/htdocs/prueba-infodec-25/system/CodeIgniter.php(825): App\Controllers\Calificaciones->editarCalificacion('4')
#5 /opt/lampp/htdocs/prueba-infodec-25/system/CodeIgniter.php(412): CodeIgniter\CodeIgniter->runController(Object(App\Controllers\Calificaciones))
#6 /opt/lampp/htdocs/prueba-infodec-25/system/CodeIgniter.php(320): CodeIgniter\CodeIgniter->handleRequest(NULL, Object(Config\Cache), false)
#7 /opt/lampp/htdocs/prueba-infodec-25/public/index.php(37): CodeIgniter\CodeIgniter->run()
#8 {main}
CRITICAL - 2022-01-09 11:20:20 --> Call to a member function listErrors() on null
#0 /opt/lampp/htdocs/prueba-infodec-25/system/View/View.php(210): include()
#1 /opt/lampp/htdocs/prueba-infodec-25/system/View/View.php(213): CodeIgniter\View\View->CodeIgniter\View\{closure}()
#2 /opt/lampp/htdocs/prueba-infodec-25/system/Common.php(1089): CodeIgniter\View\View->render('calificaciones/...', Array, true)
#3 /opt/lampp/htdocs/prueba-infodec-25/app/Controllers/Calificaciones.php(89): view('calificaciones/...', Array)
#4 /opt/lampp/htdocs/prueba-infodec-25/system/CodeIgniter.php(825): App\Controllers\Calificaciones->editarCalificacion('4')
#5 /opt/lampp/htdocs/prueba-infodec-25/system/CodeIgniter.php(412): CodeIgniter\CodeIgniter->runController(Object(App\Controllers\Calificaciones))
#6 /opt/lampp/htdocs/prueba-infodec-25/system/CodeIgniter.php(320): CodeIgniter\CodeIgniter->handleRequest(NULL, Object(Config\Cache), false)
#7 /opt/lampp/htdocs/prueba-infodec-25/public/index.php(37): CodeIgniter\CodeIgniter->run()
#8 {main}
ERROR - 2022-01-09 16:22:21 --> Error connecting to the database: No existe ninguna ruta hasta el «host»
CRITICAL - 2022-01-09 16:22:21 --> Unable to connect to the database.
Main connection [MySQLi]: No existe ninguna ruta hasta el «host»
#0 /opt/lampp/htdocs/prueba-infodec-25/system/Database/BaseConnection.php(577): CodeIgniter\Database\BaseConnection->initialize()
#1 /opt/lampp/htdocs/prueba-infodec-25/system/Database/BaseBuilder.php(1455): CodeIgniter\Database\BaseConnection->query('SELECT *\nFROM `...', Array, false)
#2 /opt/lampp/htdocs/prueba-infodec-25/system/Model.php(183): CodeIgniter\Database\BaseBuilder->get()
#3 /opt/lampp/htdocs/prueba-infodec-25/system/BaseModel.php(584): CodeIgniter\Model->doFindAll(0, 0)
#4 /opt/lampp/htdocs/prueba-infodec-25/app/Controllers/Calificaciones.php(26): CodeIgniter\BaseModel->findAll()
#5 /opt/lampp/htdocs/prueba-infodec-25/system/CodeIgniter.php(825): App\Controllers\Calificaciones->index()
#6 /opt/lampp/htdocs/prueba-infodec-25/system/CodeIgniter.php(412): CodeIgniter\CodeIgniter->runController(Object(App\Controllers\Calificaciones))
#7 /opt/lampp/htdocs/prueba-infodec-25/system/CodeIgniter.php(320): CodeIgniter\CodeIgniter->handleRequest(NULL, Object(Config\Cache), false)
#8 /opt/lampp/htdocs/prueba-infodec-25/public/index.php(37): CodeIgniter\CodeIgniter->run()
#9 {main}
ERROR - 2022-01-09 16:22:30 --> Error connecting to the database: No existe ninguna ruta hasta el «host»
CRITICAL - 2022-01-09 16:22:30 --> Unable to connect to the database.
Main connection [MySQLi]: No existe ninguna ruta hasta el «host»
#0 /opt/lampp/htdocs/prueba-infodec-25/system/Database/BaseConnection.php(577): CodeIgniter\Database\BaseConnection->initialize()
#1 /opt/lampp/htdocs/prueba-infodec-25/system/Database/BaseBuilder.php(1455): CodeIgniter\Database\BaseConnection->query('SELECT *\nFROM `...', Array, false)
#2 /opt/lampp/htdocs/prueba-infodec-25/system/Model.php(183): CodeIgniter\Database\BaseBuilder->get()
#3 /opt/lampp/htdocs/prueba-infodec-25/system/BaseModel.php(584): CodeIgniter\Model->doFindAll(0, 0)
#4 /opt/lampp/htdocs/prueba-infodec-25/app/Controllers/Calificaciones.php(26): CodeIgniter\BaseModel->findAll()
#5 /opt/lampp/htdocs/prueba-infodec-25/system/CodeIgniter.php(825): App\Controllers\Calificaciones->index()
#6 /opt/lampp/htdocs/prueba-infodec-25/system/CodeIgniter.php(412): CodeIgniter\CodeIgniter->runController(Object(App\Controllers\Calificaciones))
#7 /opt/lampp/htdocs/prueba-infodec-25/system/CodeIgniter.php(320): CodeIgniter\CodeIgniter->handleRequest(NULL, Object(Config\Cache), false)
#8 /opt/lampp/htdocs/prueba-infodec-25/public/index.php(37): CodeIgniter\CodeIgniter->run()
#9 {main}
ERROR - 2022-01-09 16:22:38 --> Error connecting to the database: No existe ninguna ruta hasta el «host»
CRITICAL - 2022-01-09 16:22:38 --> Unable to connect to the database.
Main connection [MySQLi]: No existe ninguna ruta hasta el «host»
#0 /opt/lampp/htdocs/prueba-infodec-25/system/Database/BaseConnection.php(577): CodeIgniter\Database\BaseConnection->initialize()
#1 /opt/lampp/htdocs/prueba-infodec-25/system/Database/BaseBuilder.php(1455): CodeIgniter\Database\BaseConnection->query('SELECT *\nFROM `...', Array, false)
#2 /opt/lampp/htdocs/prueba-infodec-25/system/Model.php(183): CodeIgniter\Database\BaseBuilder->get()
#3 /opt/lampp/htdocs/prueba-infodec-25/system/BaseModel.php(584): CodeIgniter\Model->doFindAll(0, 0)
#4 /opt/lampp/htdocs/prueba-infodec-25/app/Controllers/Calificaciones.php(26): CodeIgniter\BaseModel->findAll()
#5 /opt/lampp/htdocs/prueba-infodec-25/system/CodeIgniter.php(825): App\Controllers\Calificaciones->index()
#6 /opt/lampp/htdocs/prueba-infodec-25/system/CodeIgniter.php(412): CodeIgniter\CodeIgniter->runController(Object(App\Controllers\Calificaciones))
#7 /opt/lampp/htdocs/prueba-infodec-25/system/CodeIgniter.php(320): CodeIgniter\CodeIgniter->handleRequest(NULL, Object(Config\Cache), false)
#8 /opt/lampp/htdocs/prueba-infodec-25/public/index.php(37): CodeIgniter\CodeIgniter->run()
#9 {main}
ERROR - 2022-01-09 16:29:34 --> Error connecting to the database: No existe ninguna ruta hasta el «host»
CRITICAL - 2022-01-09 16:29:34 --> Unable to connect to the database.
Main connection [MySQLi]: No existe ninguna ruta hasta el «host»
#0 /opt/lampp/htdocs/prueba-infodec-25/system/Database/BaseConnection.php(577): CodeIgniter\Database\BaseConnection->initialize()
#1 /opt/lampp/htdocs/prueba-infodec-25/system/Database/BaseBuilder.php(1455): CodeIgniter\Database\BaseConnection->query('SELECT *\nFROM `...', Array, false)
#2 /opt/lampp/htdocs/prueba-infodec-25/system/Model.php(183): CodeIgniter\Database\BaseBuilder->get()
#3 /opt/lampp/htdocs/prueba-infodec-25/system/BaseModel.php(584): CodeIgniter\Model->doFindAll(0, 0)
#4 /opt/lampp/htdocs/prueba-infodec-25/app/Controllers/Calificaciones.php(26): CodeIgniter\BaseModel->findAll()
#5 /opt/lampp/htdocs/prueba-infodec-25/system/CodeIgniter.php(825): App\Controllers\Calificaciones->index()
#6 /opt/lampp/htdocs/prueba-infodec-25/system/CodeIgniter.php(412): CodeIgniter\CodeIgniter->runController(Object(App\Controllers\Calificaciones))
#7 /opt/lampp/htdocs/prueba-infodec-25/system/CodeIgniter.php(320): CodeIgniter\CodeIgniter->handleRequest(NULL, Object(Config\Cache), false)
#8 /opt/lampp/htdocs/prueba-infodec-25/public/index.php(37): CodeIgniter\CodeIgniter->run()
#9 {main}
ERROR - 2022-01-09 16:30:13 --> Error connecting to the database: No existe ninguna ruta hasta el «host»
CRITICAL - 2022-01-09 16:30:13 --> Unable to connect to the database.
Main connection [MySQLi]: No existe ninguna ruta hasta el «host»
#0 /opt/lampp/htdocs/prueba-infodec-25/system/Database/BaseConnection.php(577): CodeIgniter\Database\BaseConnection->initialize()
#1 /opt/lampp/htdocs/prueba-infodec-25/system/Database/BaseBuilder.php(1455): CodeIgniter\Database\BaseConnection->query('SELECT *\nFROM `...', Array, false)
#2 /opt/lampp/htdocs/prueba-infodec-25/system/Model.php(183): CodeIgniter\Database\BaseBuilder->get()
#3 /opt/lampp/htdocs/prueba-infodec-25/system/BaseModel.php(584): CodeIgniter\Model->doFindAll(0, 0)
#4 /opt/lampp/htdocs/prueba-infodec-25/app/Controllers/Calificaciones.php(26): CodeIgniter\BaseModel->findAll()
#5 /opt/lampp/htdocs/prueba-infodec-25/system/CodeIgniter.php(825): App\Controllers\Calificaciones->index()
#6 /opt/lampp/htdocs/prueba-infodec-25/system/CodeIgniter.php(412): CodeIgniter\CodeIgniter->runController(Object(App\Controllers\Calificaciones))
#7 /opt/lampp/htdocs/prueba-infodec-25/system/CodeIgniter.php(320): CodeIgniter\CodeIgniter->handleRequest(NULL, Object(Config\Cache), false)
#8 /opt/lampp/htdocs/prueba-infodec-25/public/index.php(37): CodeIgniter\CodeIgniter->run()
#9 {main}
ERROR - 2022-01-09 16:30:13 --> Error connecting to the database: No existe ninguna ruta hasta el «host»
CRITICAL - 2022-01-09 16:30:13 --> Unable to connect to the database.
Main connection [MySQLi]: No existe ninguna ruta hasta el «host»
#0 /opt/lampp/htdocs/prueba-infodec-25/system/Database/BaseConnection.php(577): CodeIgniter\Database\BaseConnection->initialize()
#1 /opt/lampp/htdocs/prueba-infodec-25/system/Database/BaseBuilder.php(1455): CodeIgniter\Database\BaseConnection->query('SELECT *\nFROM `...', Array, false)
#2 /opt/lampp/htdocs/prueba-infodec-25/system/Model.php(183): CodeIgniter\Database\BaseBuilder->get()
#3 /opt/lampp/htdocs/prueba-infodec-25/system/BaseModel.php(584): CodeIgniter\Model->doFindAll(0, 0)
#4 /opt/lampp/htdocs/prueba-infodec-25/app/Controllers/Calificaciones.php(26): CodeIgniter\BaseModel->findAll()
#5 /opt/lampp/htdocs/prueba-infodec-25/system/CodeIgniter.php(825): App\Controllers\Calificaciones->index()
#6 /opt/lampp/htdocs/prueba-infodec-25/system/CodeIgniter.php(412): CodeIgniter\CodeIgniter->runController(Object(App\Controllers\Calificaciones))
#7 /opt/lampp/htdocs/prueba-infodec-25/system/CodeIgniter.php(320): CodeIgniter\CodeIgniter->handleRequest(NULL, Object(Config\Cache), false)
#8 /opt/lampp/htdocs/prueba-infodec-25/public/index.php(37): CodeIgniter\CodeIgniter->run()
#9 {main}
ERROR - 2022-01-09 16:30:17 --> Error connecting to the database: No existe ninguna ruta hasta el «host»
ERROR - 2022-01-09 16:30:17 --> Error connecting to the database: No existe ninguna ruta hasta el «host»
CRITICAL - 2022-01-09 16:30:17 --> Unable to connect to the database.
Main connection [MySQLi]: No existe ninguna ruta hasta el «host»
#0 /opt/lampp/htdocs/prueba-infodec-25/system/Database/BaseConnection.php(577): CodeIgniter\Database\BaseConnection->initialize()
#1 /opt/lampp/htdocs/prueba-infodec-25/system/Database/BaseBuilder.php(1455): CodeIgniter\Database\BaseConnection->query('SELECT *\nFROM `...', Array, false)
#2 /opt/lampp/htdocs/prueba-infodec-25/system/Model.php(183): CodeIgniter\Database\BaseBuilder->get()
#3 /opt/lampp/htdocs/prueba-infodec-25/system/BaseModel.php(584): CodeIgniter\Model->doFindAll(0, 0)
#4 /opt/lampp/htdocs/prueba-infodec-25/app/Controllers/Calificaciones.php(26): CodeIgniter\BaseModel->findAll()
#5 /opt/lampp/htdocs/prueba-infodec-25/system/CodeIgniter.php(825): App\Controllers\Calificaciones->index()
#6 /opt/lampp/htdocs/prueba-infodec-25/system/CodeIgniter.php(412): CodeIgniter\CodeIgniter->runController(Object(App\Controllers\Calificaciones))
#7 /opt/lampp/htdocs/prueba-infodec-25/system/CodeIgniter.php(320): CodeIgniter\CodeIgniter->handleRequest(NULL, Object(Config\Cache), false)
#8 /opt/lampp/htdocs/prueba-infodec-25/public/index.php(37): CodeIgniter\CodeIgniter->run()
#9 {main}
CRITICAL - 2022-01-09 16:30:17 --> Unable to connect to the database.
Main connection [MySQLi]: No existe ninguna ruta hasta el «host»
#0 /opt/lampp/htdocs/prueba-infodec-25/system/Database/BaseConnection.php(577): CodeIgniter\Database\BaseConnection->initialize()
#1 /opt/lampp/htdocs/prueba-infodec-25/system/Database/BaseBuilder.php(1455): CodeIgniter\Database\BaseConnection->query('SELECT *\nFROM `...', Array, false)
#2 /opt/lampp/htdocs/prueba-infodec-25/system/Model.php(183): CodeIgniter\Database\BaseBuilder->get()
#3 /opt/lampp/htdocs/prueba-infodec-25/system/BaseModel.php(584): CodeIgniter\Model->doFindAll(0, 0)
#4 /opt/lampp/htdocs/prueba-infodec-25/app/Controllers/Calificaciones.php(26): CodeIgniter\BaseModel->findAll()
#5 /opt/lampp/htdocs/prueba-infodec-25/system/CodeIgniter.php(825): App\Controllers\Calificaciones->index()
#6 /opt/lampp/htdocs/prueba-infodec-25/system/CodeIgniter.php(412): CodeIgniter\CodeIgniter->runController(Object(App\Controllers\Calificaciones))
#7 /opt/lampp/htdocs/prueba-infodec-25/system/CodeIgniter.php(320): CodeIgniter\CodeIgniter->handleRequest(NULL, Object(Config\Cache), false)
#8 /opt/lampp/htdocs/prueba-infodec-25/public/index.php(37): CodeIgniter\CodeIgniter->run()
#9 {main}
ERROR - 2022-01-09 16:30:17 --> Error connecting to the database: No existe ninguna ruta hasta el «host»
CRITICAL - 2022-01-09 16:30:17 --> Unable to connect to the database.
Main connection [MySQLi]: No existe ninguna ruta hasta el «host»
#0 /opt/lampp/htdocs/prueba-infodec-25/system/Database/BaseConnection.php(577): CodeIgniter\Database\BaseConnection->initialize()
#1 /opt/lampp/htdocs/prueba-infodec-25/system/Database/BaseBuilder.php(1455): CodeIgniter\Database\BaseConnection->query('SELECT *\nFROM `...', Array, false)
#2 /opt/lampp/htdocs/prueba-infodec-25/system/Model.php(183): CodeIgniter\Database\BaseBuilder->get()
#3 /opt/lampp/htdocs/prueba-infodec-25/system/BaseModel.php(584): CodeIgniter\Model->doFindAll(0, 0)
#4 /opt/lampp/htdocs/prueba-infodec-25/app/Controllers/Calificaciones.php(26): CodeIgniter\BaseModel->findAll()
#5 /opt/lampp/htdocs/prueba-infodec-25/system/CodeIgniter.php(825): App\Controllers\Calificaciones->index()
#6 /opt/lampp/htdocs/prueba-infodec-25/system/CodeIgniter.php(412): CodeIgniter\CodeIgniter->runController(Object(App\Controllers\Calificaciones))
#7 /opt/lampp/htdocs/prueba-infodec-25/system/CodeIgniter.php(320): CodeIgniter\CodeIgniter->handleRequest(NULL, Object(Config\Cache), false)
#8 /opt/lampp/htdocs/prueba-infodec-25/public/index.php(37): CodeIgniter\CodeIgniter->run()
#9 {main}
ERROR - 2022-01-09 16:34:40 --> Error connecting to the database: No existe ninguna ruta hasta el «host»
ERROR - 2022-01-09 16:34:40 --> Error connecting to the database: No existe ninguna ruta hasta el «host»
ERROR - 2022-01-09 16:34:40 --> Error connecting to the database: No existe ninguna ruta hasta el «host»
CRITICAL - 2022-01-09 16:34:40 --> Unable to connect to the database.
Main connection [MySQLi]: No existe ninguna ruta hasta el «host»
#0 /opt/lampp/htdocs/prueba-infodec-25/system/Database/BaseConnection.php(577): CodeIgniter\Database\BaseConnection->initialize()
#1 /opt/lampp/htdocs/prueba-infodec-25/system/Database/BaseBuilder.php(1455): CodeIgniter\Database\BaseConnection->query('SELECT *\nFROM `...', Array, false)
#2 /opt/lampp/htdocs/prueba-infodec-25/system/Model.php(183): CodeIgniter\Database\BaseBuilder->get()
#3 /opt/lampp/htdocs/prueba-infodec-25/system/BaseModel.php(584): CodeIgniter\Model->doFindAll(0, 0)
#4 /opt/lampp/htdocs/prueba-infodec-25/app/Controllers/Calificaciones.php(26): CodeIgniter\BaseModel->findAll()
#5 /opt/lampp/htdocs/prueba-infodec-25/system/CodeIgniter.php(825): App\Controllers\Calificaciones->index()
#6 /opt/lampp/htdocs/prueba-infodec-25/system/CodeIgniter.php(412): CodeIgniter\CodeIgniter->runController(Object(App\Controllers\Calificaciones))
#7 /opt/lampp/htdocs/prueba-infodec-25/system/CodeIgniter.php(320): CodeIgniter\CodeIgniter->handleRequest(NULL, Object(Config\Cache), false)
#8 /opt/lampp/htdocs/prueba-infodec-25/public/index.php(37): CodeIgniter\CodeIgniter->run()
#9 {main}
CRITICAL - 2022-01-09 16:34:40 --> Unable to connect to the database.
Main connection [MySQLi]: No existe ninguna ruta hasta el «host»
#0 /opt/lampp/htdocs/prueba-infodec-25/system/Database/BaseConnection.php(577): CodeIgniter\Database\BaseConnection->initialize()
#1 /opt/lampp/htdocs/prueba-infodec-25/system/Database/BaseBuilder.php(1455): CodeIgniter\Database\BaseConnection->query('SELECT *\nFROM `...', Array, false)
#2 /opt/lampp/htdocs/prueba-infodec-25/system/Model.php(183): CodeIgniter\Database\BaseBuilder->get()
#3 /opt/lampp/htdocs/prueba-infodec-25/system/BaseModel.php(584): CodeIgniter\Model->doFindAll(0, 0)
#4 /opt/lampp/htdocs/prueba-infodec-25/app/Controllers/Calificaciones.php(26): CodeIgniter\BaseModel->findAll()
#5 /opt/lampp/htdocs/prueba-infodec-25/system/CodeIgniter.php(825): App\Controllers\Calificaciones->index()
#6 /opt/lampp/htdocs/prueba-infodec-25/system/CodeIgniter.php(412): CodeIgniter\CodeIgniter->runController(Object(App\Controllers\Calificaciones))
#7 /opt/lampp/htdocs/prueba-infodec-25/system/CodeIgniter.php(320): CodeIgniter\CodeIgniter->handleRequest(NULL, Object(Config\Cache), false)
#8 /opt/lampp/htdocs/prueba-infodec-25/public/index.php(37): CodeIgniter\CodeIgniter->run()
#9 {main}
CRITICAL - 2022-01-09 16:34:40 --> Unable to connect to the database.
Main connection [MySQLi]: No existe ninguna ruta hasta el «host»
#0 /opt/lampp/htdocs/prueba-infodec-25/system/Database/BaseConnection.php(577): CodeIgniter\Database\BaseConnection->initialize()
#1 /opt/lampp/htdocs/prueba-infodec-25/system/Database/BaseBuilder.php(1455): CodeIgniter\Database\BaseConnection->query('SELECT *\nFROM `...', Array, false)
#2 /opt/lampp/htdocs/prueba-infodec-25/system/Model.php(183): CodeIgniter\Database\BaseBuilder->get()
#3 /opt/lampp/htdocs/prueba-infodec-25/system/BaseModel.php(584): CodeIgniter\Model->doFindAll(0, 0)
#4 /opt/lampp/htdocs/prueba-infodec-25/app/Controllers/Calificaciones.php(26): CodeIgniter\BaseModel->findAll()
#5 /opt/lampp/htdocs/prueba-infodec-25/system/CodeIgniter.php(825): App\Controllers\Calificaciones->index()
#6 /opt/lampp/htdocs/prueba-infodec-25/system/CodeIgniter.php(412): CodeIgniter\CodeIgniter->runController(Object(App\Controllers\Calificaciones))
#7 /opt/lampp/htdocs/prueba-infodec-25/system/CodeIgniter.php(320): CodeIgniter\CodeIgniter->handleRequest(NULL, Object(Config\Cache), false)
#8 /opt/lampp/htdocs/prueba-infodec-25/public/index.php(37): CodeIgniter\CodeIgniter->run()
#9 {main}
